perl: warning: Setting locale failed.
perl: warning: Please check that your locale settings:
	LANGUAGE = (unset),
	LC_ALL = (unset),
	LC_NUMERIC = "it_IT.UTF-8",
	LC_MESSAGES = "it_It.UTF-8",
	LC_COLLATE = "it_IT.UTF-8",
	LC_CTYPE = "it_IT.UTF-8",
	LC_TIME = "it_IT.UTF-8",
	LANG = "it_IT.UTF-8"
    are supported and installed on your system.
perl: warning: Falling back to the standard locale ("C").
partnercheck: ./PARTNER: format OK:
username = jiyou
passwd   = *
uid      = 48012
gid      = 100
gecos    = Jiahua You
home     = /afs/cats.ucsc.edu/users/k/jiyou
shell    = /bin/bash
